-------------------------------------------------------------------------------
Test set: com.mycompany.projetoaprovacaoemprestimo.LiberarEmprestimoTest
-------------------------------------------------------------------------------
Tests run: 1, Failures: 1, Errors: 0, Skipped: 0, Time elapsed: 0.043 s <<< FAILURE! - in com.mycompany.projetoaprovacaoemprestimo.LiberarEmprestimoTest
testSaldoValido  Time elapsed: 0.036 s  <<< FAILURE!
org.opentest4j.AssertionFailedError: expected: <Saldo Válido> but was: <Saldo Inválido>
	at com.mycompany.projetoaprovacaoemprestimo.LiberarEmprestimoTest.testSaldoValido(LiberarEmprestimoTest.java:25)

